t,detected,conf,cx,cy,size
0.994,False,0.000,0.000,0.000,0.0000
3.168,False,0.000,0.000,0.000,0.0000
3.258,False,0.000,0.000,0.000,0.0000
3.321,False,0.000,0.000,0.000,0.0000
3.388,False,0.000,0.000,0.000,0.0000
3.470,False,0.000,0.000,0.000,0.0000
3.535,False,0.000,0.000,0.000,0.0000
3.588,False,0.000,0.000,0.000,0.0000
3.657,False,0.000,0.000,0.000,0.0000
3.722,False,0.000,0.000,0.000,0.0000
3.794,False,0.000,0.000,0.000,0.0000
3.861,False,0.000,0.000,0.000,0.0000
3.923,False,0.000,0.000,0.000,0.0000
3.995,False,0.000,0.000,0.000,0.0000
4.061,False,0.000,0.000,0.000,0.0000
4.124,False,0.000,0.000,0.000,0.0000
4.169,False,0.000,0.000,0.000,0.0000
4.223,False,0.000,0.000,0.000,0.0000
4.263,False,0.000,0.000,0.000,0.0000
4.322,False,0.000,0.000,0.000,0.0000
4.389,False,0.000,0.000,0.000,0.0000
4.459,False,0.000,0.000,0.000,0.0000
4.520,False,0.000,0.000,0.000,0.0000
4.589,False,0.000,0.000,0.000,0.0000
4.655,False,0.000,0.000,0.000,0.0000
4.723,False,0.000,0.000,0.000,0.0000
4.789,False,0.000,0.000,0.000,0.0000
4.865,False,0.000,0.000,0.000,0.0000
4.926,False,0.000,0.000,0.000,0.0000
4.990,False,0.000,0.000,0.000,0.0000
5.061,False,0.000,0.000,0.000,0.0000
5.123,False,0.000,0.000,0.000,0.0000
5.189,False,0.000,0.000,0.000,0.0000
5.268,False,0.000,0.000,0.000,0.0000
5.331,False,0.000,0.000,0.000,0.0000
5.398,False,0.000,0.000,0.000,0.0000
5.468,False,0.000,0.000,0.000,0.0000
5.526,False,0.000,0.000,0.000,0.0000
5.589,False,0.000,0.000,0.000,0.0000
5.660,False,0.000,0.000,0.000,0.0000
5.725,False,0.000,0.000,0.000,0.0000
5.794,False,0.000,0.000,0.000,0.0000
5.862,False,0.000,0.000,0.000,0.0000
5.929,False,0.000,0.000,0.000,0.0000
5.996,False,0.000,0.000,0.000,0.0000
6.071,False,0.000,0.000,0.000,0.0000
6.131,False,0.000,0.000,0.000,0.0000
6.197,False,0.000,0.000,0.000,0.0000
6.270,False,0.000,0.000,0.000,0.0000
6.330,False,0.000,0.000,0.000,0.0000
6.400,False,0.000,0.000,0.000,0.0000
6.472,False,0.000,0.000,0.000,0.0000
6.530,False,0.000,0.000,0.000,0.0000
6.596,False,0.000,0.000,0.000,0.0000
6.669,False,0.000,0.000,0.000,0.0000
6.734,False,0.000,0.000,0.000,0.0000
6.800,False,0.000,0.000,0.000,0.0000
6.865,False,0.000,0.000,0.000,0.0000
6.933,False,0.000,0.000,0.000,0.0000
6.997,False,0.000,0.000,0.000,0.0000
7.066,False,0.000,0.000,0.000,0.0000
7.132,False,0.000,0.000,0.000,0.0000
7.197,False,0.000,0.000,0.000,0.0000
7.265,False,0.000,0.000,0.000,0.0000
7.332,False,0.000,0.000,0.000,0.0000
7.396,False,0.000,0.000,0.000,0.0000
7.456,False,0.000,0.000,0.000,0.0000
7.530,False,0.000,0.000,0.000,0.0000
7.567,False,0.000,0.000,0.000,0.0000
7.636,False,0.000,0.000,0.000,0.0000
7.694,False,0.000,0.000,0.000,0.0000
7.761,False,0.000,0.000,0.000,0.0000
7.832,False,0.000,0.000,0.000,0.0000
7.895,False,0.000,0.000,0.000,0.0000
7.962,False,0.000,0.000,0.000,0.0000
8.037,False,0.000,0.000,0.000,0.0000
8.093,False,0.000,0.000,0.000,0.0000
8.160,False,0.000,0.000,0.000,0.0000
8.232,False,0.000,0.000,0.000,0.0000
8.298,False,0.000,0.000,0.000,0.0000
8.362,False,0.000,0.000,0.000,0.0000
8.436,False,0.000,0.000,0.000,0.0000
8.494,False,0.000,0.000,0.000,0.0000
8.563,False,0.000,0.000,0.000,0.0000
8.632,False,0.000,0.000,0.000,0.0000
8.699,False,0.000,0.000,0.000,0.0000
8.766,False,0.000,0.000,0.000,0.0000
8.837,False,0.000,0.000,0.000,0.0000
8.895,False,0.000,0.000,0.000,0.0000
8.957,False,0.000,0.000,0.000,0.0000
9.029,False,0.000,0.000,0.000,0.0000
9.094,False,0.000,0.000,0.000,0.0000
9.163,False,0.000,0.000,0.000,0.0000
9.232,False,0.000,0.000,0.000,0.0000
9.299,False,0.000,0.000,0.000,0.0000
9.365,False,0.000,0.000,0.000,0.0000
9.464,False,0.000,0.000,0.000,0.0000
9.526,False,0.000,0.000,0.000,0.0000
9.592,False,0.000,0.000,0.000,0.0000
9.660,False,0.000,0.000,0.000,0.0000
9.724,False,0.000,0.000,0.000,0.0000
9.793,False,0.000,0.000,0.000,0.0000
9.872,False,0.000,0.000,0.000,0.0000
9.930,False,0.000,0.000,0.000,0.0000
9.992,False,0.000,0.000,0.000,0.0000
10.065,False,0.000,0.000,0.000,0.0000
10.125,False,0.000,0.000,0.000,0.0000
10.190,False,0.000,0.000,0.000,0.0000
10.257,False,0.000,0.000,0.000,0.0000
10.325,False,0.000,0.000,0.000,0.0000
10.396,False,0.000,0.000,0.000,0.0000
10.466,False,0.000,0.000,0.000,0.0000
10.526,False,0.000,0.000,0.000,0.0000
10.598,False,0.000,0.000,0.000,0.0000
10.665,False,0.000,0.000,0.000,0.0000
10.732,False,0.000,0.000,0.000,0.0000
10.792,False,0.000,0.000,0.000,0.0000
10.870,False,0.000,0.000,0.000,0.0000
10.932,False,0.000,0.000,0.000,0.0000
10.992,False,0.000,0.000,0.000,0.0000
11.071,False,0.000,0.000,0.000,0.0000
11.130,False,0.000,0.000,0.000,0.0000
11.197,False,0.000,0.000,0.000,0.0000
11.265,False,0.000,0.000,0.000,0.0000
11.332,False,0.000,0.000,0.000,0.0000
11.397,False,0.000,0.000,0.000,0.0000
11.473,False,0.000,0.000,0.000,0.0000
11.531,False,0.000,0.000,0.000,0.0000
11.597,False,0.000,0.000,0.000,0.0000
11.676,False,0.000,0.000,0.000,0.0000
11.738,False,0.000,0.000,0.000,0.0000
11.799,False,0.000,0.000,0.000,0.0000
11.872,False,0.000,0.000,0.000,0.0000
11.932,False,0.000,0.000,0.000,0.0000
11.997,False,0.000,0.000,0.000,0.0000
12.075,False,0.000,0.000,0.000,0.0000
12.136,False,0.000,0.000,0.000,0.0000
12.197,False,0.000,0.000,0.000,0.0000
12.273,False,0.000,0.000,0.000,0.0000
12.330,True,0.491,0.649,0.868,0.0252
12.398,True,0.659,0.706,0.853,0.0302
12.485,True,0.749,0.751,0.832,0.0361
12.560,True,0.824,0.777,0.781,0.0489
12.633,True,0.841,0.781,0.762,0.0520
12.700,True,0.854,0.782,0.751,0.0534
12.763,True,0.860,0.776,0.749,0.0532
12.828,True,0.862,0.774,0.744,0.0531
12.866,True,0.861,0.773,0.749,0.0530
12.922,True,0.857,0.770,0.750,0.0531
12.988,True,0.854,0.769,0.751,0.0528
13.062,True,0.851,0.765,0.754,0.0524
13.130,True,0.845,0.752,0.756,0.0521
13.196,True,0.855,0.738,0.751,0.0536
13.274,True,0.859,0.713,0.733,0.0556
13.334,True,0.882,0.691,0.711,0.0582
13.400,True,0.901,0.673,0.682,0.0626
13.462,True,0.878,0.660,0.643,0.0616
13.531,True,0.891,0.650,0.603,0.0611
13.600,True,0.876,0.629,0.560,0.0596
13.672,True,0.887,0.615,0.518,0.0571
13.732,True,0.872,0.591,0.458,0.0592
13.798,True,0.876,0.568,0.390,0.0547
13.876,True,0.883,0.534,0.328,0.0519
13.934,True,0.840,0.508,0.282,0.0522
14.000,True,0.854,0.480,0.222,0.0502
14.079,True,0.869,0.450,0.175,0.0491
14.138,True,0.853,0.419,0.138,0.0485
14.197,True,0.882,0.388,0.090,0.0457
14.278,True,0.872,0.361,0.069,0.0455
14.332,True,0.866,0.327,0.058,0.0440
14.397,True,0.864,0.307,0.060,0.0434
14.463,True,0.869,0.299,0.053,0.0427
14.532,True,0.884,0.313,0.026,0.0412
14.597,True,0.877,0.336,0.011,0.0429
14.677,True,0.885,0.365,-0.004,0.0412
14.735,True,0.875,0.387,-0.024,0.0407
14.798,True,0.881,0.409,-0.042,0.0401
14.881,True,0.881,0.431,-0.050,0.0403
14.968,True,0.886,0.453,-0.058,0.0407
15.033,True,0.890,0.466,-0.067,0.0393
15.096,True,0.897,0.476,-0.074,0.0386
15.166,True,0.886,0.484,-0.078,0.0386
15.233,True,0.879,0.495,-0.090,0.0380
15.297,True,0.881,0.507,-0.094,0.0389
15.368,True,0.884,0.510,-0.115,0.0375
15.433,True,0.890,0.508,-0.132,0.0377
15.498,True,0.874,0.503,-0.163,0.0353
15.564,True,0.875,0.495,-0.188,0.0357
15.632,True,0.868,0.485,-0.224,0.0347
15.698,True,0.874,0.478,-0.253,0.0351
15.765,True,0.867,0.470,-0.282,0.0345
15.835,True,0.860,0.461,-0.312,0.0337
15.899,True,0.864,0.456,-0.340,0.0342
15.966,True,0.847,0.449,-0.375,0.0341
16.030,True,0.847,0.445,-0.396,0.0351
16.078,True,0.852,0.439,-0.422,0.0343
16.134,True,0.871,0.434,-0.440,0.0338
16.198,True,0.857,0.433,-0.456,0.0332
16.278,True,0.858,0.440,-0.467,0.0338
16.336,True,0.858,0.456,-0.471,0.0333
16.398,True,0.840,0.479,-0.456,0.0350
16.469,True,0.829,0.504,-0.456,0.0342
16.531,True,0.828,0.530,-0.442,0.0381
16.601,True,0.848,0.556,-0.456,0.0347
16.686,True,0.843,0.565,-0.456,0.0345
16.768,True,0.875,0.550,-0.456,0.0331
16.837,True,0.831,0.525,-0.450,0.0351
16.899,True,0.820,0.484,-0.446,0.0348
16.965,True,0.828,0.437,-0.451,0.0343
17.033,True,0.862,0.382,-0.463,0.0344
17.100,True,0.861,0.330,-0.467,0.0351
17.164,True,0.859,0.284,-0.467,0.0372
17.229,True,0.856,0.230,-0.463,0.0365
17.282,True,0.857,0.198,-0.463,0.0351
17.367,True,0.845,0.146,-0.457,0.0355
17.425,True,0.846,0.080,-0.444,0.0359
17.467,True,0.865,0.061,-0.442,0.0352
17.502,True,0.883,0.040,-0.436,0.0350
17.556,True,0.885,-0.005,-0.419,0.0361
17.624,True,0.883,-0.042,-0.410,0.0349
17.682,True,0.869,-0.061,-0.404,0.0346
17.730,True,0.857,-0.101,-0.394,0.0333
17.797,True,0.861,-0.136,-0.381,0.0309
17.870,True,0.909,-0.168,-0.371,0.0302
17.930,True,0.890,-0.194,-0.350,0.0305
17.999,True,0.867,-0.222,-0.333,0.0301
18.063,True,0.868,-0.245,-0.318,0.0292
18.134,True,0.884,-0.274,-0.299,0.0287
18.195,True,0.879,-0.298,-0.279,0.0282
18.266,True,0.874,-0.316,-0.264,0.0262
18.331,True,0.867,-0.331,-0.254,0.0260
18.395,True,0.859,-0.345,-0.249,0.0242
18.475,True,0.867,-0.351,-0.251,0.0239
18.525,True,0.868,-0.359,-0.272,0.0229
18.597,True,0.871,-0.374,-0.297,0.0237
18.668,True,0.848,-0.385,-0.317,0.0238
18.727,True,0.870,-0.399,-0.315,0.0236
18.790,True,0.848,-0.411,-0.306,0.0249
18.867,True,0.874,-0.425,-0.292,0.0249
18.932,True,0.862,-0.428,-0.278,0.0243
18.996,True,0.861,-0.430,-0.268,0.0243
19.088,True,0.865,-0.430,-0.265,0.0247
19.168,True,0.861,-0.432,-0.256,0.0249
19.232,True,0.873,-0.435,-0.250,0.0245
19.288,True,0.872,-0.437,-0.256,0.0236
19.363,True,0.864,-0.441,-0.293,0.0229
19.430,True,0.879,-0.441,-0.317,0.0231
19.513,True,0.866,-0.446,-0.336,0.0217
19.567,True,0.846,-0.454,-0.356,0.0226
19.631,True,0.856,-0.480,-0.375,0.0220
19.697,True,0.872,-0.513,-0.394,0.0230
19.760,True,0.854,-0.558,-0.408,0.0244
19.834,True,0.858,-0.608,-0.422,0.0247
19.898,True,0.858,-0.662,-0.435,0.0259
19.967,True,0.854,-0.703,-0.435,0.0269
20.036,True,0.860,-0.757,-0.439,0.0283
20.098,True,0.859,-0.797,-0.442,0.0295
20.167,True,0.869,-0.820,-0.435,0.0313
20.232,True,0.846,-0.838,-0.436,0.0312
20.301,True,0.872,-0.850,-0.433,0.0325
20.366,True,0.874,-0.850,-0.429,0.0326
20.433,True,0.875,-0.848,-0.431,0.0336
20.512,True,0.867,-0.843,-0.431,0.0346
20.565,True,0.873,-0.838,-0.424,0.0361
20.632,True,0.874,-0.825,-0.424,0.0353
20.698,True,0.886,-0.810,-0.442,0.0334
20.765,True,0.867,-0.792,-0.469,0.0336
20.832,True,0.879,-0.773,-0.504,0.0348
20.900,True,0.869,-0.755,-0.526,0.0329
20.967,True,0.877,-0.747,-0.522,0.0336
21.033,True,0.882,-0.747,-0.486,0.0359
21.102,True,0.870,-0.758,-0.435,0.0373
21.165,True,0.886,-0.777,-0.382,0.0416
21.234,True,0.868,-0.793,-0.321,0.0433
21.298,True,0.861,-0.803,-0.261,0.0433
21.368,True,0.868,-0.807,-0.183,0.0457
21.437,True,0.869,-0.816,-0.111,0.0473
21.518,True,0.862,-0.820,-0.025,0.0516
21.602,True,0.868,-0.830,0.071,0.0512
21.664,True,0.825,-0.838,0.165,0.0582
21.732,True,0.831,-0.845,0.218,0.0535
21.802,True,0.824,-0.848,0.307,0.0548
21.867,True,0.841,-0.852,0.340,0.0484
21.932,True,0.803,-0.858,0.414,0.0486
22.001,True,0.856,-0.863,0.446,0.0458
22.066,True,0.834,-0.866,0.463,0.0424
22.133,True,0.866,-0.866,0.504,0.0421
22.202,True,0.862,-0.866,0.532,0.0417
22.267,True,0.869,-0.866,0.557,0.0420
22.333,True,0.881,-0.859,0.568,0.0437
22.399,True,0.874,-0.850,0.588,0.0465
22.467,True,0.876,-0.841,0.600,0.0504
22.530,True,0.888,-0.829,0.624,0.0544
22.599,True,0.874,-0.815,0.647,0.0602
22.667,True,0.899,-0.789,0.669,0.0624
22.735,True,0.885,-0.746,0.676,0.0624
22.797,True,0.863,-0.699,0.682,0.0629
22.867,True,0.868,-0.656,0.693,0.0604
22.932,True,0.855,-0.605,0.693,0.0600
22.998,True,0.858,-0.541,0.708,0.0565
23.065,True,0.862,-0.476,0.717,0.0551
23.133,True,0.869,-0.401,0.724,0.0525
23.200,True,0.850,-0.338,0.732,0.0534
23.266,True,0.845,-0.268,0.729,0.0511
23.332,True,0.856,-0.191,0.744,0.0476
23.399,True,0.842,-0.127,0.751,0.0471
23.469,True,0.772,-0.059,0.744,0.0434
23.532,True,0.856,-0.020,0.757,0.0460
23.600,True,0.853,0.033,0.758,0.0461
23.665,True,0.847,0.078,0.761,0.0439
23.732,True,0.843,0.119,0.760,0.0434
23.798,True,0.785,0.158,0.756,0.0406
23.868,True,0.841,0.191,0.760,0.0393
23.934,True,0.846,0.225,0.761,0.0393
24.000,True,0.814,0.260,0.767,0.0381
24.069,True,0.729,0.296,0.768,0.0360
24.132,True,0.708,0.332,0.768,0.0346
24.201,True,0.746,0.320,0.768,0.0457
24.264,True,0.651,0.350,0.765,0.0458
24.335,True,0.546,0.370,0.758,0.0480
24.400,True,0.720,0.399,0.756,0.0483
24.470,True,0.539,0.434,0.751,0.0484
24.532,True,0.641,0.462,0.756,0.0483
24.599,True,0.623,0.481,0.756,0.0504
24.667,True,0.483,0.510,0.758,0.0501
24.736,True,0.518,0.526,0.761,0.0505
24.800,True,0.506,0.499,0.765,0.0651
24.873,True,0.524,0.553,0.762,0.0564
24.934,True,0.443,0.588,0.753,0.0531
24.992,True,0.525,0.641,0.749,0.0482
25.058,True,0.687,0.671,0.758,0.0441
25.105,True,0.582,0.669,0.765,0.0465
25.156,True,0.548,0.677,0.778,0.0472
25.229,True,0.517,0.744,0.782,0.0382
25.307,True,0.545,0.776,0.785,0.0342
25.359,True,0.529,0.774,0.800,0.0371
25.432,True,0.767,0.797,0.811,0.0345
25.498,True,0.781,0.827,0.811,0.0326
25.567,True,0.804,0.838,0.806,0.0314
25.631,True,0.798,0.845,0.804,0.0304
25.712,True,0.832,0.859,0.797,0.0285
25.772,True,0.814,0.863,0.787,0.0287
25.831,True,0.824,0.868,0.781,0.0286
25.906,True,0.818,0.866,0.749,0.0330
25.965,True,0.836,0.859,0.704,0.0399
26.032,True,0.861,0.847,0.583,0.0391
26.115,True,0.887,0.832,0.476,0.0385
26.200,True,0.839,0.784,0.340,0.0346
26.265,True,0.860,0.751,0.257,0.0330
26.312,True,0.844,0.734,0.225,0.0318
26.366,True,0.844,0.706,0.167,0.0323
26.434,True,0.855,0.673,0.115,0.0318
26.505,True,0.844,0.642,0.067,0.0309
26.565,True,0.849,0.628,0.026,0.0303
26.634,True,0.849,0.623,-0.003,0.0329
26.719,True,0.854,0.623,-0.022,0.0310
26.804,True,0.848,0.663,-0.033,0.0317
26.867,True,0.844,0.691,-0.047,0.0300
26.915,True,0.852,0.706,-0.058,0.0297
27.002,True,0.857,0.743,-0.082,0.0289
27.067,True,0.860,0.765,-0.094,0.0279
27.132,True,0.866,0.774,-0.117,0.0267
27.199,True,0.841,0.784,-0.131,0.0268
27.267,True,0.857,0.786,-0.158,0.0262
27.317,True,0.871,0.787,-0.168,0.0255
27.402,True,0.737,0.782,-0.204,0.0259
27.466,True,0.752,0.778,-0.237,0.0250
27.531,True,0.745,0.772,-0.261,0.0254
27.599,True,0.781,0.769,-0.296,0.0250
27.668,True,0.792,0.759,-0.325,0.0238
27.717,True,0.753,0.756,-0.340,0.0247
27.804,True,0.770,0.745,-0.383,0.0250
27.865,False,0.000,0.000,0.000,0.0000
27.915,True,0.604,0.731,-0.442,0.0246
28.000,True,0.488,0.713,-0.475,0.0250
28.069,False,0.000,0.000,0.000,0.0000
28.134,True,0.559,0.684,-0.507,0.0261
28.201,True,0.754,0.673,-0.514,0.0269
28.266,True,0.758,0.651,-0.533,0.0268
28.320,True,0.798,0.647,-0.540,0.0285
28.401,True,0.794,0.607,-0.554,0.0311
28.466,True,0.812,0.581,-0.565,0.0321
28.537,True,0.853,0.552,-0.574,0.0326
28.602,True,0.824,0.519,-0.579,0.0324
28.668,True,0.778,0.479,-0.579,0.0320
28.734,True,0.764,0.446,-0.575,0.0339
28.801,True,0.763,0.401,-0.571,0.0328
28.866,True,0.825,0.361,-0.562,0.0326
28.925,True,0.831,0.347,-0.560,0.0341
29.001,True,0.822,0.282,-0.543,0.0325
29.064,True,0.814,0.242,-0.528,0.0310
29.116,True,0.789,0.229,-0.519,0.0326
29.167,True,0.809,0.187,-0.496,0.0329
29.232,True,0.759,0.138,-0.467,0.0312
29.322,True,0.827,0.102,-0.440,0.0319
29.403,True,0.831,0.058,-0.400,0.0317
29.468,True,0.836,0.034,-0.379,0.0315
29.543,True,0.818,0.013,-0.381,0.0301
29.598,True,0.844,0.003,-0.388,0.0293
29.667,True,0.833,-0.010,-0.404,0.0299
29.721,True,0.771,-0.015,-0.417,0.0304
29.802,True,0.822,-0.033,-0.432,0.0315
29.869,True,0.833,-0.070,-0.442,0.0288
29.922,True,0.850,-0.098,-0.446,0.0288
30.005,True,0.872,-0.147,-0.454,0.0279
30.067,True,0.863,-0.186,-0.454,0.0286
30.121,True,0.881,-0.204,-0.456,0.0287
30.203,True,0.889,-0.255,-0.442,0.0285
30.270,True,0.891,-0.287,-0.426,0.0279
30.326,True,0.879,-0.302,-0.418,0.0291
30.402,True,0.873,-0.352,-0.404,0.0287
30.470,True,0.873,-0.381,-0.399,0.0285
30.544,True,0.878,-0.405,-0.394,0.0289
30.600,True,0.877,-0.432,-0.389,0.0278
30.667,True,0.878,-0.454,-0.385,0.0280
30.732,True,0.874,-0.475,-0.375,0.0282
30.798,True,0.882,-0.497,-0.382,0.0271
30.868,True,0.881,-0.520,-0.372,0.0278
30.934,True,0.890,-0.546,-0.356,0.0284
31.000,True,0.869,-0.577,-0.317,0.0305
31.069,True,0.860,-0.608,-0.303,0.0280
31.124,True,0.838,-0.625,-0.285,0.0295
31.201,True,0.799,-0.663,-0.233,0.0303
31.266,True,0.792,-0.687,-0.206,0.0304
31.333,True,0.798,-0.705,-0.178,0.0338
31.392,True,0.781,-0.734,-0.138,0.0347
31.458,True,0.792,-0.759,-0.093,0.0374
31.530,True,0.793,-0.788,-0.031,0.0379
31.591,True,0.795,-0.816,0.039,0.0386
31.660,True,0.843,-0.837,0.114,0.0360
31.732,True,0.822,-0.847,0.185,0.0352
31.799,True,0.868,-0.863,0.261,0.0308
31.872,True,0.834,-0.866,0.307,0.0306
31.930,True,0.852,-0.864,0.332,0.0315
31.998,True,0.861,-0.866,0.362,0.0315
32.067,True,0.850,-0.862,0.376,0.0321
32.133,True,0.846,-0.857,0.399,0.0351
32.198,True,0.868,-0.855,0.419,0.0363
32.268,True,0.871,-0.852,0.435,0.0375
32.334,True,0.862,-0.845,0.463,0.0410
32.398,True,0.848,-0.838,0.494,0.0427
32.467,True,0.873,-0.835,0.529,0.0446
32.545,True,0.837,-0.827,0.574,0.0480
32.599,True,0.834,-0.814,0.633,0.0553
32.669,True,0.838,-0.801,0.682,0.0611
32.734,True,0.837,-0.777,0.713,0.0613
32.802,True,0.834,-0.742,0.728,0.0574
32.868,True,0.854,-0.693,0.739,0.0537
32.934,True,0.845,-0.641,0.746,0.0505
33.002,True,0.845,-0.562,0.760,0.0482
33.069,True,0.834,-0.477,0.758,0.0470
33.135,True,0.835,-0.387,0.772,0.0461
33.202,True,0.840,-0.303,0.789,0.0413
33.267,True,0.833,-0.225,0.808,0.0381
33.333,True,0.768,-0.159,0.829,0.0336
33.401,True,0.674,-0.091,0.840,0.0323
33.469,False,0.000,0.000,0.000,0.0000
33.550,False,0.000,0.000,0.000,0.0000
33.637,False,0.000,0.000,0.000,0.0000
33.700,False,0.000,0.000,0.000,0.0000
33.767,False,0.000,0.000,0.000,0.0000
33.837,False,0.000,0.000,0.000,0.0000
33.901,True,0.744,0.311,0.856,0.0278
33.966,True,0.811,0.328,0.840,0.0337
34.033,True,0.855,0.356,0.808,0.0389
34.100,True,0.849,0.364,0.775,0.0454
34.167,True,0.857,0.370,0.765,0.0462
34.232,True,0.858,0.381,0.765,0.0455
34.302,True,0.867,0.388,0.765,0.0464
34.368,True,0.862,0.404,0.764,0.0461
34.436,True,0.847,0.423,0.758,0.0448
34.498,True,0.865,0.444,0.758,0.0448
34.565,True,0.866,0.462,0.744,0.0454
34.637,True,0.869,0.480,0.742,0.0471
34.698,True,0.887,0.495,0.726,0.0487
34.768,True,0.856,0.515,0.686,0.0464
34.835,True,0.876,0.520,0.617,0.0444
34.902,True,0.837,0.529,0.535,0.0411
34.967,True,0.844,0.534,0.451,0.0389
35.037,True,0.847,0.532,0.385,0.0376
35.101,True,0.863,0.529,0.312,0.0356
35.169,True,0.862,0.524,0.237,0.0326
35.233,True,0.865,0.521,0.161,0.0323
35.303,True,0.855,0.513,0.090,0.0307
35.370,True,0.846,0.499,0.015,0.0301
35.435,True,0.841,0.485,-0.060,0.0293
35.499,True,0.851,0.464,-0.133,0.0295
35.567,True,0.540,0.417,-0.219,0.0386
35.632,True,0.652,0.412,-0.292,0.0344
35.701,True,0.724,0.386,-0.362,0.0356
35.769,True,0.706,0.359,-0.414,0.0345
35.836,True,0.747,0.327,-0.467,0.0333
35.908,True,0.671,0.283,-0.507,0.0380
35.969,True,0.691,0.240,-0.540,0.0391
36.034,True,0.738,0.204,-0.564,0.0341
36.101,True,0.755,0.166,-0.578,0.0395
36.167,True,0.787,0.132,-0.589,0.0385
36.231,True,0.804,0.112,-0.604,0.0344
36.299,True,0.823,0.086,-0.614,0.0340
36.366,True,0.875,0.047,-0.617,0.0317
36.435,True,0.882,0.005,-0.621,0.0316
36.500,True,0.892,-0.035,-0.617,0.0321
36.568,True,0.890,-0.084,-0.607,0.0327
36.636,True,0.874,-0.133,-0.590,0.0348
36.701,True,0.885,-0.183,-0.562,0.0344
36.763,True,0.883,-0.227,-0.531,0.0349
36.836,True,0.889,-0.284,-0.478,0.0354
36.901,True,0.892,-0.331,-0.419,0.0359
36.967,True,0.878,-0.387,-0.372,0.0357
37.037,True,0.864,-0.438,-0.306,0.0365
37.103,True,0.878,-0.478,-0.218,0.0357
37.166,True,0.858,-0.511,-0.132,0.0373
37.235,True,0.874,-0.537,-0.037,0.0390
37.300,True,0.870,-0.552,0.067,0.0398
37.366,True,0.845,-0.551,0.172,0.0421
37.436,True,0.867,-0.553,0.281,0.0425
37.503,True,0.881,-0.543,0.371,0.0445
37.562,True,0.876,-0.533,0.454,0.0449
37.637,True,0.876,-0.511,0.537,0.0462
37.699,True,0.890,-0.485,0.615,0.0469
37.767,True,0.861,-0.462,0.665,0.0488
37.837,True,0.875,-0.429,0.701,0.0488
37.901,True,0.877,-0.384,0.721,0.0449
37.968,True,0.872,-0.343,0.740,0.0424
38.037,True,0.854,-0.304,0.761,0.0401
38.104,True,0.839,-0.262,0.772,0.0388
38.167,True,0.838,-0.205,0.786,0.0358
38.236,True,0.834,-0.146,0.797,0.0348
38.301,True,0.828,-0.080,0.797,0.0342
38.346,True,0.826,-0.048,0.799,0.0348
38.400,True,0.841,0.013,0.806,0.0331
38.472,True,0.824,0.071,0.804,0.0336
38.534,True,0.812,0.131,0.814,0.0326
38.599,True,0.808,0.185,0.814,0.0326
38.666,True,0.802,0.243,0.814,0.0334
38.751,True,0.810,0.294,0.811,0.0349
38.839,True,0.838,0.352,0.801,0.0379
38.904,True,0.843,0.391,0.775,0.0431
38.968,True,0.832,0.425,0.746,0.0479
39.037,True,0.873,0.454,0.719,0.0513
39.102,True,0.862,0.479,0.671,0.0535
39.147,True,0.850,0.487,0.618,0.0522
39.198,True,0.860,0.495,0.532,0.0513
39.269,True,0.877,0.503,0.418,0.0441
39.353,True,0.862,0.504,0.312,0.0430
39.438,True,0.871,0.490,0.136,0.0389
39.499,True,0.871,0.473,0.024,0.0363
39.580,True,0.865,0.457,-0.071,0.0355
39.639,True,0.871,0.437,-0.153,0.0358
39.701,True,0.842,0.409,-0.236,0.0377
39.769,True,0.835,0.378,-0.303,0.0383
39.840,True,0.829,0.347,-0.360,0.0385
39.899,True,0.828,0.308,-0.408,0.0409
39.967,True,0.804,0.274,-0.453,0.0388
40.035,True,0.835,0.238,-0.487,0.0379
40.101,True,0.844,0.195,-0.524,0.0359
40.167,True,0.862,0.144,-0.546,0.0353
40.236,True,0.869,0.090,-0.567,0.0357
40.302,True,0.902,0.028,-0.568,0.0345
40.369,True,0.906,-0.039,-0.549,0.0341
40.434,True,0.885,-0.109,-0.522,0.0359
40.500,True,0.918,-0.175,-0.475,0.0359
40.575,True,0.895,-0.237,-0.408,0.0381
40.633,True,0.898,-0.289,-0.333,0.0392
40.701,True,0.893,-0.334,-0.244,0.0404
40.751,True,0.897,-0.355,-0.203,0.0402
40.839,True,0.890,-0.409,-0.058,0.0423
40.901,True,0.876,-0.430,0.047,0.0436
40.954,True,0.878,-0.438,0.099,0.0435
41.038,True,0.873,-0.449,0.246,0.0438
41.102,True,0.880,-0.442,0.353,0.0451
41.154,True,0.871,-0.438,0.412,0.0442
41.235,True,0.873,-0.402,0.561,0.0483
41.301,True,0.851,-0.370,0.656,0.0515
41.356,True,0.888,-0.349,0.690,0.0511
41.429,True,0.862,-0.294,0.731,0.0445
41.501,True,0.856,-0.248,0.757,0.0410
41.572,True,0.834,-0.202,0.782,0.0370
41.633,True,0.831,-0.157,0.801,0.0341
41.701,True,0.781,-0.109,0.821,0.0309
41.753,True,0.726,-0.088,0.821,0.0335
41.837,True,0.454,-0.025,0.838,0.0302
41.902,False,0.000,0.000,0.000,0.0000
41.964,False,0.000,0.000,0.000,0.0000
42.036,False,0.000,0.000,0.000,0.0000
42.102,False,0.000,0.000,0.000,0.0000
42.154,False,0.000,0.000,0.000,0.0000
42.233,False,0.000,0.000,0.000,0.0000
42.302,False,0.000,0.000,0.000,0.0000
42.355,False,0.000,0.000,0.000,0.0000
42.436,False,0.000,0.000,0.000,0.0000
42.501,False,0.000,0.000,0.000,0.0000
42.565,False,0.000,0.000,0.000,0.0000
42.636,False,0.000,0.000,0.000,0.0000
42.702,False,0.000,0.000,0.000,0.0000
42.770,False,0.000,0.000,0.000,0.0000
42.838,False,0.000,0.000,0.000,0.0000
42.903,False,0.000,0.000,0.000,0.0000
42.962,False,0.000,0.000,0.000,0.0000
43.036,False,0.000,0.000,0.000,0.0000
43.103,False,0.000,0.000,0.000,0.0000
43.156,False,0.000,0.000,0.000,0.0000
43.235,False,0.000,0.000,0.000,0.0000
43.306,False,0.000,0.000,0.000,0.0000
43.365,False,0.000,0.000,0.000,0.0000
43.432,False,0.000,0.000,0.000,0.0000
43.500,False,0.000,0.000,0.000,0.0000
43.580,False,0.000,0.000,0.000,0.0000
43.631,False,0.000,0.000,0.000,0.0000
43.695,False,0.000,0.000,0.000,0.0000
43.761,False,0.000,0.000,0.000,0.0000
43.825,False,0.000,0.000,0.000,0.0000
43.899,False,0.000,0.000,0.000,0.0000
43.968,False,0.000,0.000,0.000,0.0000
44.034,False,0.000,0.000,0.000,0.0000
44.099,False,0.000,0.000,0.000,0.0000
44.168,False,0.000,0.000,0.000,0.0000
44.230,False,0.000,0.000,0.000,0.0000
44.297,False,0.000,0.000,0.000,0.0000
44.366,False,0.000,0.000,0.000,0.0000
44.433,False,0.000,0.000,0.000,0.0000
44.504,False,0.000,0.000,0.000,0.0000
44.566,False,0.000,0.000,0.000,0.0000
44.634,False,0.000,0.000,0.000,0.0000
44.699,False,0.000,0.000,0.000,0.0000
44.767,False,0.000,0.000,0.000,0.0000
44.834,False,0.000,0.000,0.000,0.0000
44.900,False,0.000,0.000,0.000,0.0000
44.966,False,0.000,0.000,0.000,0.0000
45.034,False,0.000,0.000,0.000,0.0000
45.112,False,0.000,0.000,0.000,0.0000
45.189,False,0.000,0.000,0.000,0.0000
45.293,False,0.000,0.000,0.000,0.0000
45.361,False,0.000,0.000,0.000,0.0000
45.425,False,0.000,0.000,0.000,0.0000
